#
# A fatal error has been detected by the Java Runtime Environment:
#
#  EXCEPTION_ACCESS_VIOLATION (0xc0000005) at pc=0x00007ffb1843ad2f, pid=25064, tid=17004
#
# JRE version: OpenJDK Runtime Environment AdoptOpenJDK-11.0.11+9 (11.0.11+9) (build 11.0.11+9)
# Java VM: OpenJDK 64-Bit Server VM AdoptOpenJDK-11.0.11+9 (11.0.11+9, mixed mode, tiered, compressed oops, parallel gc, windows-amd64)
# Problematic frame:
# V  [jvm.dll+0x36ad2f]
#
# No core dump will be written. Minidumps are not enabled by default on client versions of Windows
#
# If you would like to submit a bug report, please visit:
#   https://github.com/AdoptOpenJDK/openjdk-support/issues
#

---------------  S U M M A R Y ------------

Command Line: --add-modules=ALL-SYSTEM --add-opens=java.base/java.util=ALL-UNNAMED --add-opens=java.base/java.lang=ALL-UNNAMED -Declipse.application=org.eclipse.jdt.ls.core.id1 -Dosgi.bundles.defaultStartLevel=4 -Declipse.product=org.eclipse.jdt.ls.core.product -Dfile.encoding=utf8 -DwatchParentProcess=false -XX:+UseParallelGC -XX:GCTimeRatio=4 -XX:AdaptiveSizePolicyWeight=90 -Dsun.zip.disableMemoryMapping=true -Xmx1G -Xms100m -javaagent:c:\Users\nhatq\.vscode\extensions\gabrielbb.vscode-lombok-1.0.1\server\lombok.jar -Xverify:none c:\Users\nhatq\.vscode\extensions\redhat.java-0.81.0\server\plugins\org.eclipse.equinox.launcher_1.6.200.v20210416-2027.jar -configuration c:\Users\nhatq\AppData\Roaming\Code\User\globalStorage\redhat.java\0.81.0\config_ss_win -data c:\Users\nhatq\AppData\Roaming\Code\User\workspaceStorage\b5c1c41f71cb9c0d0deb1310c488c3df\redhat.java\ss_ws

Host: Intel(R) Core(TM) i7-7700HQ CPU @ 2.80GHz, 8 cores, 15G,  Windows 10 , 64 bit Build 22000 (10.0.22000.120)
Time: Wed Aug 25 10:04:58 2021 SE Asia Standard Time elapsed time: 5.833367 seconds (0d 0h 0m 5s)

---------------  T H R E A D  ---------------

Current thread (0x000002a29dc04000):  JavaThread "pool-1-thread-1" [_thread_in_vm, id=17004, stack(0x000000b4a8900000,0x000000b4a8a00000)]

Stack: [0x000000b4a8900000,0x000000b4a8a00000],  sp=0x000000b4a89fd410,  free space=1013k
Native frames: (J=compiled Java code, j=interpreted, Vv=VM code, C=native code)
V  [jvm.dll+0x36ad2f]
C  0x000002a28865d96d

Java frames: (J=compiled Java code, j=interpreted, Vv=VM code)
j  org.eclipse.jdt.internal.compiler.parser.Scanner.getNextToken0()I+93
j  org.eclipse.jdt.internal.compiler.parser.Scanner.getNextToken()I+47
j  org.eclipse.jdt.internal.compiler.parser.Parser.fetchNextToken()I+4
j  org.eclipse.jdt.internal.compiler.parser.Parser.parse()V+329
j  org.eclipse.jdt.internal.compiler.parser.Parser.parse(Lorg/eclipse/jdt/internal/compiler/env/ICompilationUnit;Lorg/eclipse/jdt/internal/compiler/CompilationResult;II)Lorg/eclipse/jdt/internal/compiler/ast/CompilationUnitDeclaration;+178
j  org.eclipse.jdt.internal.compiler.parser.Parser.parse(Lorg/eclipse/jdt/internal/compiler/env/ICompilationUnit;Lorg/eclipse/jdt/internal/compiler/CompilationResult;)Lorg/eclipse/jdt/internal/compiler/ast/CompilationUnitDeclaration;+5
j  org.eclipse.jdt.internal.compiler.SourceElementParser.parseCompilationUnit(Lorg/eclipse/jdt/internal/compiler/env/ICompilationUnit;ZLorg/eclipse/core/runtime/IProgressMonitor;)Lorg/eclipse/jdt/internal/compiler/ast/CompilationUnitDeclaration;+53
j  org.eclipse.jdt.internal.core.CompilationUnit.buildStructure(Lorg/eclipse/jdt/internal/core/OpenableElementInfo;Lorg/eclipse/core/runtime/IProgressMonitor;Ljava/util/Map;Lorg/eclipse/core/resources/IResource;)Z+523
J 3235 c1 org.eclipse.jdt.internal.core.Openable.generateInfos(Ljava/lang/Object;Ljava/util/HashMap;Lorg/eclipse/core/runtime/IProgressMonitor;)V (281 bytes) @ 0x000002a2892502bc [0x000002a28924eca0+0x000000000000161c]
J 3254 c1 org.eclipse.jdt.internal.core.JavaElement.openWhenClosed(Ljava/lang/Object;ZLorg/eclipse/core/runtime/IProgressMonitor;)Ljava/lang/Object; (169 bytes) @ 0x000002a289262e74 [0x000002a2892627c0+0x00000000000006b4]
j  org.eclipse.jdt.internal.core.BecomeWorkingCopyOperation.executeOperation()V+29
j  org.eclipse.jdt.internal.core.JavaModelOperation.run(Lorg/eclipse/core/runtime/IProgressMonitor;)V+55
j  org.eclipse.jdt.internal.core.JavaModelOperation.runOperation(Lorg/eclipse/core/runtime/IProgressMonitor;)V+32
j  org.eclipse.jdt.internal.core.CompilationUnit.becomeWorkingCopy(Lorg/eclipse/jdt/core/IProblemRequestor;Lorg/eclipse/core/runtime/IProgressMonitor;)V+37
j  org.eclipse.jdt.internal.core.CompilationUnit.becomeWorkingCopy(Lorg/eclipse/core/runtime/IProgressMonitor;)V+23
j  org.eclipse.jdt.ls.core.internal.handlers.BaseDocumentLifeCycleHandler.handleOpen(Lorg/eclipse/lsp4j/DidOpenTextDocumentParams;)Lorg/eclipse/jdt/core/ICompilationUnit;+144
j  org.eclipse.jdt.ls.core.internal.handlers.BaseDocumentLifeCycleHandler$5.run(Lorg/eclipse/core/runtime/IProgressMonitor;)V+8
j  org.eclipse.core.internal.resources.Workspace.run(Lorg/eclipse/core/runtime/ICoreRunnable;Lorg/eclipse/core/runtime/jobs/ISchedulingRule;ILorg/eclipse/core/runtime/IProgressMonitor;)V+69
j  org.eclipse.core.internal.resources.Workspace.run(Lorg/eclipse/core/resources/IWorkspaceRunnable;Lorg/eclipse/core/runtime/jobs/ISchedulingRule;ILorg/eclipse/core/runtime/IProgressMonitor;)V+6
j  org.eclipse.jdt.ls.core.internal.handlers.BaseDocumentLifeCycleHandler.didOpen(Lorg/eclipse/lsp4j/DidOpenTextDocumentParams;)V+32
j  org.eclipse.jdt.ls.core.internal.syntaxserver.SyntaxLanguageServer.didOpen(Lorg/eclipse/lsp4j/DidOpenTextDocumentParams;)V+11
v  ~StubRoutines::call_stub
j  jdk.internal.reflect.NativeMethodAccessorImpl.invoke0(Ljava/lang/reflect/Method;Ljava/lang/Object;[Ljava/lang/Object;)Ljava/lang/Object;+0 java.base@11.0.11
j  jdk.internal.reflect.NativeMethodAccessorImpl.invoke(Ljava/lang/Object;[Ljava/lang/Object;)Ljava/lang/Object;+100 java.base@11.0.11
J 1184 c1 jdk.internal.reflect.DelegatingMethodAccessorImpl.invoke(Ljava/lang/Object;[Ljava/lang/Object;)Ljava/lang/Object; java.base@11.0.11 (10 bytes) @ 0x000002a288de1e3c [0x000002a288de1d40+0x00000000000000fc]
J 1183 c1 java.lang.reflect.Method.invoke(Ljava/lang/Object;[Ljava/lang/Object;)Ljava/lang/Object; java.base@11.0.11 (65 bytes) @ 0x000002a288de18cc [0x000002a288de15a0+0x000000000000032c]
j  org.eclipse.lsp4j.jsonrpc.services.GenericEndpoint.lambda$null$0(Lorg/eclipse/lsp4j/jsonrpc/services/AnnotationUtil$MethodInfo;Ljava/lang/Object;Ljava/lang/Object;)Ljava/util/concurrent/CompletableFuture;+20
j  org.eclipse.lsp4j.jsonrpc.services.GenericEndpoint$$Lambda$163.apply(Ljava/lang/Object;)Ljava/lang/Object;+13
j  org.eclipse.lsp4j.jsonrpc.services.GenericEndpoint.notify(Ljava/lang/String;Ljava/lang/Object;)V+18
j  org.eclipse.lsp4j.jsonrpc.RemoteEndpoint.handleNotification(Lorg/eclipse/lsp4j/jsonrpc/messages/NotificationMessage;)V+20
j  org.eclipse.lsp4j.jsonrpc.RemoteEndpoint.consume(Lorg/eclipse/lsp4j/jsonrpc/messages/Message;)V+14
j  org.eclipse.lsp4j.jsonrpc.json.StreamMessageProducer.handleMessage(Ljava/io/InputStream;Lorg/eclipse/lsp4j/jsonrpc/json/StreamMessageProducer$Headers;)Z+99
j  org.eclipse.lsp4j.jsonrpc.json.StreamMessageProducer.listen(Lorg/eclipse/lsp4j/jsonrpc/MessageConsumer;)V+158
j  org.eclipse.lsp4j.jsonrpc.json.ConcurrentMessageProcessor.run()V+12
j  java.util.concurrent.Executors$RunnableAdapter.call()Ljava/lang/Object;+4 java.base@11.0.11
j  java.util.concurrent.FutureTask.run()V+39 java.base@11.0.11
j  java.util.concurrent.ThreadPoolExecutor.runWorker(Ljava/util/concurrent/ThreadPoolExecutor$Worker;)V+92 java.base@11.0.11
j  java.util.concurrent.ThreadPoolExecutor$Worker.run()V+5 java.base@11.0.11
j  java.lang.Thread.run()V+11 java.base@11.0.11
v  ~StubRoutines::call_stub

siginfo: EXCEPTION_ACCESS_VIOLATION (0xc0000005), reading address 0x00000000ec36010c


Register to memory mapping:

RIP=0x00007ffb1843ad2f jvm.dll
RAX=0x000000000000000c is an unknown value
RBX=0x0000000000000bea is an unknown value
RCX=0x000000b4a89fd440 is pointing into the stack for thread: 0x000002a29dc04000
RDX=0x00007ffb1892c9d8 jvm.dll
RSP=0x000000b4a89fd410 is pointing into the stack for thread: 0x000002a29dc04000
RBP=0x000002a29b8b2ac0 points into unknown readable memory: 0x0000000000000000 | 00 00 00 00 00 00 00 00
RSI=0x000002a29dcad200 points into unknown readable memory: 0x696c636500000002 | 02 00 00 00 65 63 6c 69
RDI=0x000002a29dc04000 is a thread
R8 =0x0000000000000bea is an unknown value
R9 =0x0000000000000040 is an unknown value
R10=0x0 is NULL
R11=0xf71ff57fddffefdd is an unknown value
R12=0x00000000ec360100 is an unallocated location in the heap
R13=0x00000000000003d8 is an unknown value
R14=0x000002a29b8b2ad0 points into unknown readable memory: 0x000002a29cf5c684 | 84 c6 f5 9c a2 02 00 00
R15=0x000002a29b8b2ea8 points into unknown readable memory: 0x88000700f05bd313 | 13 d3 5b f0 00 07 00 88


Registers:
RAX=0x000000000000000c, RBX=0x0000000000000bea, RCX=0x000000b4a89fd440, RDX=0x00007ffb1892c9d8
RSP=0x000000b4a89fd410, RBP=0x000002a29b8b2ac0, RSI=0x000002a29dcad200, RDI=0x000002a29dc04000
R8 =0x0000000000000bea, R9 =0x0000000000000040, R10=0x0000000000000000, R11=0xf71ff57fddffefdd
R12=0x00000000ec360100, R13=0x00000000000003d8, R14=0x000002a29b8b2ad0, R15=0x000002a29b8b2ea8
RIP=0x00007ffb1843ad2f, EFLAGS=0x0000000000010202

Top of Stack: (sp=0x000000b4a89fd410)
0x000000b4a89fd410:   0000000000000bea 0000000000000bea
0x000000b4a89fd420:   000000000000000d 000002a29dc04000
0x000000b4a89fd430:   000002a29d9b0bc0 00007ffb18698bc5
0x000000b4a89fd440:   00007ffb1899f330 0000005000000000
0x000000b4a89fd450:   0000000000000000 0000000000000000
0x000000b4a89fd460:   0000000000000000 0000000000000000
0x000000b4a89fd470:   0000000000000000 000002a29dd52030
0x000000b4a89fd480:   0000000000000000 0000000000000100
0x000000b4a89fd490:   000002a2a92aa700 000000b4a89fd4f0
0x000000b4a89fd4a0:   000002a29dc04000 000000b4a89fd5c0
0x000000b4a89fd4b0:   000002a2a92a6815 0000000000000000
0x000000b4a89fd4c0:   0000000000000004 000002a28865d96d
0x000000b4a89fd4d0:   000002a29dc04000 0000000000000bea
0x000000b4a89fd4e0:   000000b4a89fd540 000000000000000d
0x000000b4a89fd4f0:   000002a28865d911 000000b4a89fd4f8
0x000000b4a89fd500:   000002a2a92a6815 000000b4a89fd5c0 

Instructions: (pc=0x00007ffb1843ad2f)
0x00007ffb1843ac2f:   4c 24 78 44 8d 42 02 e8 f5 23 e1 ff 83 bb b0 03
0x00007ffb1843ac3f:   00 00 00 75 1a 8b 83 d8 00 00 00 c1 e8 1d a8 01
0x00007ffb1843ac4f:   75 0d 8b 83 d8 00 00 00 c1 e8 02 a8 01 74 0a b2
0x00007ffb1843ac5f:   01 48 8b cb e8 d8 53 3d 00 48 8b 9c 24 80 00 00
0x00007ffb1843ac6f:   00 48 83 c4 40 41 5f 41 5e 5f 5e 5d c3 cc cc cc
0x00007ffb1843ac7f:   cc 48 8b c4 57 48 81 ec b0 00 00 00 48 89 58 10
0x00007ffb1843ac8f:   48 8b f9 48 89 70 20 41 8b d8 4c 89 60 f0 4c 8b
0x00007ffb1843ac9f:   c1 4c 8b e2 48 89 48 08 ba 03 00 00 00 c7 81 c0
0x00007ffb1843acaf:   03 00 00 06 00 00 00 e8 55 da ff ff 48 83 7f 08
0x00007ffb1843acbf:   00 0f 85 f0 00 00 00 48 8b b7 78 02 00 00 48 8d
0x00007ffb1843accf:   4c 24 30 48 89 ac 24 d0 00 00 00 ba 00 01 00 00
0x00007ffb1843acdf:   4c 89 ac 24 a0 00 00 00 4c 89 b4 24 98 00 00 00
0x00007ffb1843acef:   48 8b 6e 10 4c 8b 76 18 4c 8b 6e 28 4c 89 bc 24
0x00007ffb1843acff:   90 00 00 00 4c 8b 7e 20 e8 64 db 28 00 80 3d ce
0x00007ffb1843ad0f:   a6 70 00 00 48 8d 15 be 1c 4f 00 b9 0c 00 00 00
0x00007ffb1843ad1f:   b8 10 00 00 00 0f 45 c1 44 8b c3 48 8d 4c 24 30
0x00007ffb1843ad2f:   46 8b 0c 20 e8 f8 f1 28 00 48 8b 1d 59 1a 74 00
0x00007ffb1843ad3f:   48 8d 4c 24 30 e8 c7 e2 28 00 4c 8b cb 48 89 44
0x00007ffb1843ad4f:   24 20 41 b8 bc 01 00 00 48 8d 15 02 8a 52 00 48
0x00007ffb1843ad5f:   8b cf e8 7a 83 f5 ff 48 8d 4c 24 30 e8 40 dc 28
0x00007ffb1843ad6f:   00 48 83 7d 00 00 74 13 49 8b d5 48 8b ce e8 ae
0x00007ffb1843ad7f:   42 d5 ff 48 8b cd e8 16 42 d5 ff 4c 8b ac 24 a0
0x00007ffb1843ad8f:   00 00 00 48 89 6e 10 48 8b ac 24 d0 00 00 00 4c
0x00007ffb1843ad9f:   89 76 18 4c 8b b4 24 98 00 00 00 4c 89 7e 20 4c
0x00007ffb1843adaf:   8b bc 24 90 00 00 00 48 8b 9f f0 00 00 00 4c 8b
0x00007ffb1843adbf:   a4 24 a8 00 00 00 48 8b 43 10 48 8b 73 08 48 83
0x00007ffb1843adcf:   38 00 74 19 48 8b 53 28 48 8b ce e8 51 42 d5 ff
0x00007ffb1843addf:   48 8b 4b 10 e8 b8 41 d5 ff 48 8b 43 10 48 89 46
0x00007ffb1843adef:   10 48 8b 43 18 48 89 46 18 48 8b 43 20 48 8b 9c
0x00007ffb1843adff:   24 c8 00 00 00 48 89 46 20 83 bf 08 04 00 00 02
0x00007ffb1843ae0f:   48 8b b4 24 d8 00 00 00 75 08 48 8b cf e8 df 46
0x00007ffb1843ae1f:   3d 00 ba 06 00 00 00 48 8d 8c 24 c0 00 00 00 44 


Stack slot to memory mapping:
stack at sp + 0 slots: 0x0000000000000bea is an unknown value
stack at sp + 1 slots: 0x0000000000000bea is an unknown value
stack at sp + 2 slots: 0x000000000000000d is an unknown value
stack at sp + 3 slots: 0x000002a29dc04000 is a thread
stack at sp + 4 slots: 0x000002a29d9b0bc0 points into unknown readable memory: 0x000002a29d892920 | 20 29 89 9d a2 02 00 00
stack at sp + 5 slots: 0x00007ffb18698bc5 jvm.dll
stack at sp + 6 slots: 0x00007ffb1899f330 jvm.dll
stack at sp + 7 slots: 0x0000005000000000 is an unknown value


---------------  P R O C E S S  ---------------

Threads class SMR info:
_java_thread_list=0x000002a29dc96570, length=21, elements={
0x000002a2fbe05000, 0x000002a29a7ad000, 0x000002a29a7b6800, 0x000002a29b864800,
0x000002a29a7cb000, 0x000002a29a7cc000, 0x000002a29b813000, 0x000002a29b814800,
0x000002a29b815800, 0x000002a29b9b7000, 0x000002a29cf5e000, 0x000002a29d1ef800,
0x000002a29d8f4000, 0x000002a29cf71000, 0x000002a29cd7b000, 0x000002a29d436000,
0x000002a29d800800, 0x000002a29da44800, 0x000002a29d800000, 0x000002a2f9ca3800,
0x000002a29dc04000
}

Java Threads: ( => current thread )
  0x000002a2fbe05000 JavaThread "main" [_thread_blocked, id=27072, stack(0x000000b4a6b00000,0x000000b4a6c00000)]
  0x000002a29a7ad000 JavaThread "Reference Handler" daemon [_thread_blocked, id=21844, stack(0x000000b4a6e00000,0x000000b4a6f00000)]
  0x000002a29a7b6800 JavaThread "Finalizer" daemon [_thread_blocked, id=10348, stack(0x000000b4a6f00000,0x000000b4a7000000)]
  0x000002a29b864800 JavaThread "Signal Dispatcher" daemon [_thread_blocked, id=31740, stack(0x000000b4a7000000,0x000000b4a7100000)]
  0x000002a29a7cb000 JavaThread "Attach Listener" daemon [_thread_blocked, id=34612, stack(0x000000b4a7100000,0x000000b4a7200000)]
  0x000002a29a7cc000 JavaThread "Service Thread" daemon [_thread_blocked, id=33068, stack(0x000000b4a7200000,0x000000b4a7300000)]
  0x000002a29b813000 JavaThread "C2 CompilerThread0" daemon [_thread_in_native, id=9780, stack(0x000000b4a7300000,0x000000b4a7400000)]
  0x000002a29b814800 JavaThread "C1 CompilerThread0" daemon [_thread_blocked, id=19700, stack(0x000000b4a7400000,0x000000b4a7500000)]
  0x000002a29b815800 JavaThread "Sweeper thread" daemon [_thread_blocked, id=26724, stack(0x000000b4a7500000,0x000000b4a7600000)]
  0x000002a29b9b7000 JavaThread "Common-Cleaner" daemon [_thread_blocked, id=26972, stack(0x000000b4a7600000,0x000000b4a7700000)]
  0x000002a29cf5e000 JavaThread "Active Thread: Equinox Container: 5439481e-757b-47fc-a18c-38570a4b69bf" [_thread_blocked, id=6552, stack(0x000000b4a7900000,0x000000b4a7a00000)]
  0x000002a29d1ef800 JavaThread "Framework Event Dispatcher: Equinox Container: 5439481e-757b-47fc-a18c-38570a4b69bf" daemon [_thread_blocked, id=24788, stack(0x000000b4a7b00000,0x000000b4a7c00000)]
  0x000002a29d8f4000 JavaThread "Start Level: Equinox Container: 5439481e-757b-47fc-a18c-38570a4b69bf" daemon [_thread_blocked, id=12588, stack(0x000000b4a7c00000,0x000000b4a7d00000)]
  0x000002a29cf71000 JavaThread "SCR Component Actor" daemon [_thread_blocked, id=31684, stack(0x000000b4a7f00000,0x000000b4a8000000)]
  0x000002a29cd7b000 JavaThread "Timer-0" daemon [_thread_blocked, id=6164, stack(0x000000b4a7700000,0x000000b4a7800000)]
  0x000002a29d436000 JavaThread "Worker-JM" [_thread_blocked, id=12176, stack(0x000000b4a8100000,0x000000b4a8200000)]
  0x000002a29d800800 JavaThread "Worker-0" [_thread_blocked, id=31352, stack(0x000000b4a8500000,0x000000b4a8600000)]
  0x000002a29da44800 JavaThread "Worker-1: Refreshing workspace" [_thread_blocked, id=25892, stack(0x000000b4a8600000,0x000000b4a8700000)]
  0x000002a29d800000 JavaThread "C2 CompilerThread1" daemon [_thread_blocked, id=33400, stack(0x000000b4a8000000,0x000000b4a8100000)]
  0x000002a2f9ca3800 JavaThread "C2 CompilerThread2" daemon [_thread_blocked, id=10744, stack(0x000000b4a8400000,0x000000b4a8500000)]
=>0x000002a29dc04000 JavaThread "pool-1-thread-1" [_thread_in_vm, id=17004, stack(0x000000b4a8900000,0x000000b4a8a00000)]

Other Threads:
  0x000002a2fbecf800 VMThread "VM Thread" [stack: 0x000000b4a6d00000,0x000000b4a6e00000] [id=10360]
  0x000002a29bb9e000 WatcherThread [stack: 0x000000b4a7800000,0x000000b4a7900000] [id=30424]
  0x000002a2fbe1b800 GCTaskThread "ParGC Thread#0" [stack: 0x000000b4a6c00000,0x000000b4a6d00000] [id=4436]
  0x000002a29d334000 GCTaskThread "ParGC Thread#1" [stack: 0x000000b4a7a00000,0x000000b4a7b00000] [id=28864]
  0x000002a29d0fb000 GCTaskThread "ParGC Thread#2" [stack: 0x000000b4a7d00000,0x000000b4a7e00000] [id=5408]
  0x000002a29d2ed800 GCTaskThread "ParGC Thread#3" [stack: 0x000000b4a7e00000,0x000000b4a7f00000] [id=30844]
  0x000002a29d82f800 GCTaskThread "ParGC Thread#4" [stack: 0x000000b4a8200000,0x000000b4a8300000] [id=1592]
  0x000002a29d9c2800 GCTaskThread "ParGC Thread#5" [stack: 0x000000b4a8300000,0x000000b4a8400000] [id=25356]
  0x000002a29d965800 GCTaskThread "ParGC Thread#6" [stack: 0x000000b4a8700000,0x000000b4a8800000] [id=5544]
  0x000002a29d7fa000 GCTaskThread "ParGC Thread#7" [stack: 0x000000b4a8800000,0x000000b4a8900000] [id=31396]

Threads with active compile tasks:
C2 CompilerThread0   6001 3419       4       org.objectweb.asm.ClassReader::readMethod (1052 bytes)

VM state:not at safepoint (normal execution)

VM Mutex/Monitor currently owned by a thread: None

Heap address: 0x00000000c0000000, size: 1024 MB, Compressed Oops mode: 32-bit
Narrow klass base: 0x0000000000000000, Narrow klass shift: 3
Compressed class space size: 1073741824 Address: 0x0000000100000000

Heap:
 PSYoungGen      total 22016K, used 71K [0x00000000eab00000, 0x00000000ec300000, 0x0000000100000000)
  eden space 21504K, 0% used [0x00000000eab00000,0x00000000eab11ed0,0x00000000ec000000)
  from space 512K, 0% used [0x00000000ec000000,0x00000000ec000000,0x00000000ec080000)
  to   space 1536K, 0% used [0x00000000ec180000,0x00000000ec180000,0x00000000ec300000)
 ParOldGen       total 68608K, used 25860K [0x00000000c0000000, 0x00000000c4300000, 0x00000000eab00000)
  object space 68608K, 37% used [0x00000000c0000000,0x00000000c19411c0,0x00000000c4300000)
 Metaspace       used 33312K, capacity 35237K, committed 35416K, reserved 1081344K
  class space    used 3156K, capacity 3876K, committed 3968K, reserved 1048576K

Card table byte_map: [0x000002a297840000,0x000002a297a50000] _byte_map_base: 0x000002a297240000

Marking Bits: (ParMarkBitMap*) 0x00007ffb18b5d340
 Begin Bits: [0x000002a297bb0000, 0x000002a298bb0000)
 End Bits:   [0x000002a298bb0000, 0x000002a299bb0000)

Polling page: 0x000002a280000000

Metaspace:

Usage:
  Non-class:     30.63 MB capacity,    29.45 MB ( 96%) used,     1.11 MB (  4%) free+waste,    71.94 KB ( <1%) overhead. 
      Class:      3.79 MB capacity,     3.08 MB ( 81%) used,   685.07 KB ( 18%) free+waste,    34.56 KB ( <1%) overhead. 
       Both:     34.41 MB capacity,    32.53 MB ( 95%) used,     1.78 MB (  5%) free+waste,   106.50 KB ( <1%) overhead. 

Virtual space:
  Non-class space:       32.00 MB reserved,      30.71 MB ( 96%) committed 
      Class space:        1.00 GB reserved,       3.88 MB ( <1%) committed 
             Both:        1.03 GB reserved,      34.59 MB (  3%) committed 

Chunk freelists:
   Non-Class:  63.00 KB
       Class:  28.00 KB
        Both:  91.00 KB

MaxMetaspaceSize: 17179869184.00 GB
CompressedClassSpaceSize: 1.00 GB

CodeHeap 'non-profiled nmethods': size=120000Kb used=1773Kb max_used=1773Kb free=118227Kb
 bounds [0x000002a290120000, 0x000002a290390000, 0x000002a297650000]
CodeHeap 'profiled nmethods': size=120000Kb used=7297Kb max_used=7297Kb free=112702Kb
 bounds [0x000002a288bf0000, 0x000002a289320000, 0x000002a290120000]
CodeHeap 'non-nmethods': size=5760Kb used=1185Kb max_used=1218Kb free=4574Kb
 bounds [0x000002a288650000, 0x000002a2888c0000, 0x000002a288bf0000]
 total_blobs=3964 nmethods=3421 adapters=456
 compilation: enabled
              stopped_count=0, restarted_count=0
 full_count=0

Compilation events (20 events):
Event: 5.429 Thread 0x000002a29b814800 nmethod 3428 0x000002a2892ec810 code [0x000002a2892eca60, 0x000002a2892ed478]
Event: 5.429 Thread 0x000002a29b814800 3430       3       org.objectweb.asm.MethodVisitor::visitFieldInsn (20 bytes)
Event: 5.429 Thread 0x000002a29b814800 nmethod 3430 0x000002a2892ed810 code [0x000002a2892ed9c0, 0x000002a2892edba8]
Event: 5.429 Thread 0x000002a29b814800 3429       3       org.objectweb.asm.ClassReader::readVerificationTypeInfo (184 bytes)
Event: 5.429 Thread 0x000002a2f9ca3800 3433       4       java.util.ArrayList::newCapacity (65 bytes)
Event: 5.430 Thread 0x000002a2f9ca3800 nmethod 3433 0x000002a2902db090 code [0x000002a2902db220, 0x000002a2902db2f8]
Event: 5.430 Thread 0x000002a29b814800 nmethod 3429 0x000002a2892edc90 code [0x000002a2892edfc0, 0x000002a2892ef7e8]
Event: 5.430 Thread 0x000002a29b814800 3432       3       java.util.regex.Pattern$BranchConn::match (11 bytes)
Event: 5.431 Thread 0x000002a29b814800 nmethod 3432 0x000002a2892f0110 code [0x000002a2892f02c0, 0x000002a2892f0488]
Event: 5.431 Thread 0x000002a29b814800 3431       3       java.lang.String::split (7 bytes)
Event: 5.431 Thread 0x000002a29b814800 nmethod 3431 0x000002a2892f0590 code [0x000002a2892f0740, 0x000002a2892f0868]
Event: 5.446 Thread 0x000002a29b814800 3434       3       org.objectweb.asm.SymbolTable::put (150 bytes)
Event: 5.447 Thread 0x000002a29b814800 nmethod 3434 0x000002a2892f0910 code [0x000002a2892f0b00, 0x000002a2892f11f8]
Event: 5.447 Thread 0x000002a29b814800 3435       3       java.util.regex.Pattern$Start::match (90 bytes)
Event: 5.447 Thread 0x000002a29b814800 nmethod 3435 0x000002a2892f1510 code [0x000002a2892f16e0, 0x000002a2892f1aa8]
Event: 5.447 Thread 0x000002a29b814800 3436       3       java.util.regex.Matcher::match (154 bytes)
Event: 5.448 Thread 0x000002a29b814800 nmethod 3436 0x000002a2892f1c90 code [0x000002a2892f1ea0, 0x000002a2892f2608]
Event: 5.448 Thread 0x000002a29b814800 3437       3       java.net.URLStreamHandler::parseURL (1201 bytes)
Event: 5.470 Thread 0x000002a29b814800 nmethod 3437 0x000002a2892f2910 code [0x000002a2892f3b80, 0x000002a2892fee68]
Event: 5.488 Thread 0x000002a29b814800 3438       3       org.eclipse.jdt.internal.compiler.parser.Scanner::internalScanIdentifierOrKeyword (4733 bytes)

GC Heap History (20 events):
Event: 4.331 GC heap before
{Heap before GC invocations=8 (full 1):
 PSYoungGen      total 27648K, used 27638K [0x00000000eab00000, 0x00000000ecc00000, 0x0000000100000000)
  eden space 24064K, 100% used [0x00000000eab00000,0x00000000ec280000,0x00000000ec280000)
  from space 3584K, 99% used [0x00000000ec700000,0x00000000eca7da78,0x00000000eca80000)
  to   space 4608K, 0% used [0x00000000ec280000,0x00000000ec280000,0x00000000ec700000)
 ParOldGen       total 68608K, used 6478K [0x00000000c0000000, 0x00000000c4300000, 0x00000000eab00000)
  object space 68608K, 9% used [0x00000000c0000000,0x00000000c0653918,0x00000000c4300000)
 Metaspace       used 30278K, capacity 32092K, committed 32384K, reserved 1077248K
  class space    used 2909K, capacity 3599K, committed 3712K, reserved 1048576K
}
Event: 4.335 GC heap after
{Heap after GC invocations=8 (full 1):
 PSYoungGen      total 28160K, used 4582K [0x00000000eab00000, 0x00000000ecc00000, 0x0000000100000000)
  eden space 23552K, 0% used [0x00000000eab00000,0x00000000eab00000,0x00000000ec200000)
  from space 4608K, 99% used [0x00000000ec280000,0x00000000ec6f99b0,0x00000000ec700000)
  to   space 5120K, 0% used [0x00000000ec700000,0x00000000ec700000,0x00000000ecc00000)
 ParOldGen       total 68608K, used 6502K [0x00000000c0000000, 0x00000000c4300000, 0x00000000eab00000)
  object space 68608K, 9% used [0x00000000c0000000,0x00000000c0659918,0x00000000c4300000)
 Metaspace       used 30278K, capacity 32092K, committed 32384K, reserved 1077248K
  class space    used 2909K, capacity 3599K, committed 3712K, reserved 1048576K
}
Event: 4.563 GC heap before
{Heap before GC invocations=9 (full 1):
 PSYoungGen      total 28160K, used 28134K [0x00000000eab00000, 0x00000000ecc00000, 0x0000000100000000)
  eden space 23552K, 100% used [0x00000000eab00000,0x00000000ec200000,0x00000000ec200000)
  from space 4608K, 99% used [0x00000000ec280000,0x00000000ec6f99b0,0x00000000ec700000)
  to   space 5120K, 0% used [0x00000000ec700000,0x00000000ec700000,0x00000000ecc00000)
 ParOldGen       total 68608K, used 6502K [0x00000000c0000000, 0x00000000c4300000, 0x00000000eab00000)
  object space 68608K, 9% used [0x00000000c0000000,0x00000000c0659918,0x00000000c4300000)
 Metaspace       used 31009K, capacity 32936K, committed 33152K, reserved 1079296K
  class space    used 2987K, capacity 3707K, committed 3712K, reserved 1048576K
}
Event: 4.581 GC heap after
{Heap after GC invocations=9 (full 1):
 PSYoungGen      total 26624K, used 5113K [0x00000000eab00000, 0x00000000ecf80000, 0x0000000100000000)
  eden space 21504K, 0% used [0x00000000eab00000,0x00000000eab00000,0x00000000ec000000)
  from space 5120K, 99% used [0x00000000ec700000,0x00000000ecbfe4b8,0x00000000ecc00000)
  to   space 7168K, 0% used [0x00000000ec000000,0x00000000ec000000,0x00000000ec700000)
 ParOldGen       total 68608K, used 7981K [0x00000000c0000000, 0x00000000c4300000, 0x00000000eab00000)
  object space 68608K, 11% used [0x00000000c0000000,0x00000000c07cb538,0x00000000c4300000)
 Metaspace       used 31009K, capacity 32936K, committed 33152K, reserved 1079296K
  class space    used 2987K, capacity 3707K, committed 3712K, reserved 1048576K
}
Event: 4.678 GC heap before
{Heap before GC invocations=10 (full 1):
 PSYoungGen      total 26624K, used 26617K [0x00000000eab00000, 0x00000000ecf80000, 0x0000000100000000)
  eden space 21504K, 100% used [0x00000000eab00000,0x00000000ec000000,0x00000000ec000000)
  from space 5120K, 99% used [0x00000000ec700000,0x00000000ecbfe4b8,0x00000000ecc00000)
  to   space 7168K, 0% used [0x00000000ec000000,0x00000000ec000000,0x00000000ec700000)
 ParOldGen       total 68608K, used 7981K [0x00000000c0000000, 0x00000000c4300000, 0x00000000eab00000)
  object space 68608K, 11% used [0x00000000c0000000,0x00000000c07cb538,0x00000000c4300000)
 Metaspace       used 31099K, capacity 33001K, committed 33152K, reserved 1079296K
  class space    used 2991K, capacity 3707K, committed 3712K, reserved 1048576K
}
Event: 4.690 GC heap after
{Heap after GC invocations=10 (full 1):
 PSYoungGen      total 25600K, used 3979K [0x00000000eab00000, 0x00000000eca00000, 0x0000000100000000)
  eden space 21504K, 0% used [0x00000000eab00000,0x00000000eab00000,0x00000000ec000000)
  from space 4096K, 97% used [0x00000000ec000000,0x00000000ec3e2d40,0x00000000ec400000)
  to   space 5120K, 0% used [0x00000000ec500000,0x00000000ec500000,0x00000000eca00000)
 ParOldGen       total 68608K, used 11056K [0x00000000c0000000, 0x00000000c4300000, 0x00000000eab00000)
  object space 68608K, 16% used [0x00000000c0000000,0x00000000c0acc228,0x00000000c4300000)
 Metaspace       used 31099K, capacity 33001K, committed 33152K, reserved 1079296K
  class space    used 2991K, capacity 3707K, committed 3712K, reserved 1048576K
}
Event: 4.792 GC heap before
{Heap before GC invocations=11 (full 1):
 PSYoungGen      total 25600K, used 25483K [0x00000000eab00000, 0x00000000eca00000, 0x0000000100000000)
  eden space 21504K, 100% used [0x00000000eab00000,0x00000000ec000000,0x00000000ec000000)
  from space 4096K, 97% used [0x00000000ec000000,0x00000000ec3e2d40,0x00000000ec400000)
  to   space 5120K, 0% used [0x00000000ec500000,0x00000000ec500000,0x00000000eca00000)
 ParOldGen       total 68608K, used 11056K [0x00000000c0000000, 0x00000000c4300000, 0x00000000eab00000)
  object space 68608K, 16% used [0x00000000c0000000,0x00000000c0acc228,0x00000000c4300000)
 Metaspace       used 31188K, capacity 33065K, committed 33152K, reserved 1079296K
  class space    used 2995K, capacity 3707K, committed 3712K, reserved 1048576K
}
Event: 4.800 GC heap after
{Heap after GC invocations=11 (full 1):
 PSYoungGen      total 25600K, used 3968K [0x00000000eab00000, 0x00000000ec900000, 0x0000000100000000)
  eden space 21504K, 0% used [0x00000000eab00000,0x00000000eab00000,0x00000000ec000000)
  from space 4096K, 96% used [0x00000000ec500000,0x00000000ec8e0010,0x00000000ec900000)
  to   space 4608K, 0% used [0x00000000ec000000,0x00000000ec000000,0x00000000ec480000)
 ParOldGen       total 68608K, used 13061K [0x00000000c0000000, 0x00000000c4300000, 0x00000000eab00000)
  object space 68608K, 19% used [0x00000000c0000000,0x00000000c0cc14c8,0x00000000c4300000)
 Metaspace       used 31188K, capacity 33065K, committed 33152K, reserved 1079296K
  class space    used 2995K, capacity 3707K, committed 3712K, reserved 1048576K
}
Event: 4.890 GC heap before
{Heap before GC invocations=12 (full 1):
 PSYoungGen      total 25600K, used 25472K [0x00000000eab00000, 0x00000000ec900000, 0x0000000100000000)
  eden space 21504K, 100% used [0x00000000eab00000,0x00000000ec000000,0x00000000ec000000)
  from space 4096K, 96% used [0x00000000ec500000,0x00000000ec8e0010,0x00000000ec900000)
  to   space 4608K, 0% used [0x00000000ec000000,0x00000000ec000000,0x00000000ec480000)
 ParOldGen       total 68608K, used 13061K [0x00000000c0000000, 0x00000000c4300000, 0x00000000eab00000)
  object space 68608K, 19% used [0x00000000c0000000,0x00000000c0cc14c8,0x00000000c4300000)
 Metaspace       used 31273K, capacity 33129K, committed 33152K, reserved 1079296K
  class space    used 3004K, capacity 3707K, committed 3712K, reserved 1048576K
}
Event: 4.898 GC heap after
{Heap after GC invocations=12 (full 1):
 PSYoungGen      total 24064K, used 2496K [0x00000000eab00000, 0x00000000ec600000, 0x0000000100000000)
  eden space 21504K, 0% used [0x00000000eab00000,0x00000000eab00000,0x00000000ec000000)
  from space 2560K, 97% used [0x00000000ec000000,0x00000000ec270010,0x00000000ec280000)
  to   space 3072K, 0% used [0x00000000ec300000,0x00000000ec300000,0x00000000ec600000)
 ParOldGen       total 68608K, used 16988K [0x00000000c0000000, 0x00000000c4300000, 0x00000000eab00000)
  object space 68608K, 24% used [0x00000000c0000000,0x00000000c1097038,0x00000000c4300000)
 Metaspace       used 31273K, capacity 33129K, committed 33152K, reserved 1079296K
  class space    used 3004K, capacity 3707K, committed 3712K, reserved 1048576K
}
Event: 4.944 GC heap before
{Heap before GC invocations=13 (full 1):
 PSYoungGen      total 24064K, used 24000K [0x00000000eab00000, 0x00000000ec600000, 0x0000000100000000)
  eden space 21504K, 100% used [0x00000000eab00000,0x00000000ec000000,0x00000000ec000000)
  from space 2560K, 97% used [0x00000000ec000000,0x00000000ec270010,0x00000000ec280000)
  to   space 3072K, 0% used [0x00000000ec300000,0x00000000ec300000,0x00000000ec600000)
 ParOldGen       total 68608K, used 16988K [0x00000000c0000000, 0x00000000c4300000, 0x00000000eab00000)
  object space 68608K, 24% used [0x00000000c0000000,0x00000000c1097038,0x00000000c4300000)
 Metaspace       used 31273K, capacity 33129K, committed 33152K, reserved 1079296K
  class space    used 3004K, capacity 3707K, committed 3712K, reserved 1048576K
}
Event: 4.959 GC heap after
{Heap after GC invocations=13 (full 1):
 PSYoungGen      total 24576K, used 2560K [0x00000000eab00000, 0x00000000ec600000, 0x0000000100000000)
  eden space 21504K, 0% used [0x00000000eab00000,0x00000000eab00000,0x00000000ec000000)
  from space 3072K, 83% used [0x00000000ec300000,0x00000000ec580010,0x00000000ec600000)
  to   space 3072K, 0% used [0x00000000ec000000,0x00000000ec000000,0x00000000ec300000)
 ParOldGen       total 68608K, used 19455K [0x00000000c0000000, 0x00000000c4300000, 0x00000000eab00000)
  object space 68608K, 28% used [0x00000000c0000000,0x00000000c12ffe10,0x00000000c4300000)
 Metaspace       used 31273K, capacity 33129K, committed 33152K, reserved 1079296K
  class space    used 3004K, capacity 3707K, committed 3712K, reserved 1048576K
}
Event: 4.999 GC heap before
{Heap before GC invocations=14 (full 1):
 PSYoungGen      total 24576K, used 24064K [0x00000000eab00000, 0x00000000ec600000, 0x0000000100000000)
  eden space 21504K, 100% used [0x00000000eab00000,0x00000000ec000000,0x00000000ec000000)
  from space 3072K, 83% used [0x00000000ec300000,0x00000000ec580010,0x00000000ec600000)
  to   space 3072K, 0% used [0x00000000ec000000,0x00000000ec000000,0x00000000ec300000)
 ParOldGen       total 68608K, used 19455K [0x00000000c0000000, 0x00000000c4300000, 0x00000000eab00000)
  object space 68608K, 28% used [0x00000000c0000000,0x00000000c12ffe10,0x00000000c4300000)
 Metaspace       used 31273K, capacity 33129K, committed 33152K, reserved 1079296K
  class space    used 3004K, capacity 3707K, committed 3712K, reserved 1048576K
}
Event: 5.009 GC heap after
{Heap after GC invocations=14 (full 1):
 PSYoungGen      total 24064K, used 2080K [0x00000000eab00000, 0x00000000ec500000, 0x0000000100000000)
  eden space 21504K, 0% used [0x00000000eab00000,0x00000000eab00000,0x00000000ec000000)
  from space 2560K, 81% used [0x00000000ec000000,0x00000000ec208000,0x00000000ec280000)
  to   space 2560K, 0% used [0x00000000ec280000,0x00000000ec280000,0x00000000ec500000)
 ParOldGen       total 68608K, used 21941K [0x00000000c0000000, 0x00000000c4300000, 0x00000000eab00000)
  object space 68608K, 31% used [0x00000000c0000000,0x00000000c156d6a0,0x00000000c4300000)
 Metaspace       used 31273K, capacity 33129K, committed 33152K, reserved 1079296K
  class space    used 3004K, capacity 3707K, committed 3712K, reserved 1048576K
}
Event: 5.324 GC heap before
{Heap before GC invocations=15 (full 1):
 PSYoungGen      total 24064K, used 23573K [0x00000000eab00000, 0x00000000ec500000, 0x0000000100000000)
  eden space 21504K, 99% used [0x00000000eab00000,0x00000000ebffd6d0,0x00000000ec000000)
  from space 2560K, 81% used [0x00000000ec000000,0x00000000ec208000,0x00000000ec280000)
  to   space 2560K, 0% used [0x00000000ec280000,0x00000000ec280000,0x00000000ec500000)
 ParOldGen       total 68608K, used 21941K [0x00000000c0000000, 0x00000000c4300000, 0x00000000eab00000)
  object space 68608K, 31% used [0x00000000c0000000,0x00000000c156d6a0,0x00000000c4300000)
 Metaspace       used 32192K, capacity 34181K, committed 34304K, reserved 1079296K
  class space    used 3054K, capacity 3780K, committed 3840K, reserved 1048576K
}
Event: 5.329 GC heap after
{Heap after GC invocations=15 (full 1):
 PSYoungGen      total 24064K, used 2385K [0x00000000eab00000, 0x00000000ec500000, 0x0000000100000000)
  eden space 21504K, 0% used [0x00000000eab00000,0x00000000eab00000,0x00000000ec000000)
  from space 2560K, 93% used [0x00000000ec280000,0x00000000ec4d4708,0x00000000ec500000)
  to   space 2560K, 0% used [0x00000000ec000000,0x00000000ec000000,0x00000000ec280000)
 ParOldGen       total 68608K, used 23989K [0x00000000c0000000, 0x00000000c4300000, 0x00000000eab00000)
  object space 68608K, 34% used [0x00000000c0000000,0x00000000c176d6a0,0x00000000c4300000)
 Metaspace       used 32192K, capacity 34181K, committed 34304K, reserved 1079296K
  class space    used 3054K, capacity 3780K, committed 3840K, reserved 1048576K
}
Event: 5.488 GC heap before
{Heap before GC invocations=16 (full 1):
 PSYoungGen      total 24064K, used 12554K [0x00000000eab00000, 0x00000000ec500000, 0x0000000100000000)
  eden space 21504K, 47% used [0x00000000eab00000,0x00000000eb4ee238,0x00000000ec000000)
  from space 2560K, 93% used [0x00000000ec280000,0x00000000ec4d4708,0x00000000ec500000)
  to   space 2560K, 0% used [0x00000000ec000000,0x00000000ec000000,0x00000000ec280000)
 ParOldGen       total 68608K, used 23989K [0x00000000c0000000, 0x00000000c4300000, 0x00000000eab00000)
  object space 68608K, 34% used [0x00000000c0000000,0x00000000c176d6a0,0x00000000c4300000)
 Metaspace       used 33312K, capacity 35237K, committed 35416K, reserved 1081344K
  class space    used 3156K, capacity 3876K, committed 3968K, reserved 1048576K
}
Event: 5.495 GC heap after
{Heap after GC invocations=16 (full 1):
 PSYoungGen      total 22016K, used 321K [0x00000000eab00000, 0x00000000ec300000, 0x0000000100000000)
  eden space 21504K, 0% used [0x00000000eab00000,0x00000000eab00000,0x00000000ec000000)
  from space 512K, 62% used [0x00000000ec000000,0x00000000ec050690,0x00000000ec080000)
  to   space 1536K, 0% used [0x00000000ec180000,0x00000000ec180000,0x00000000ec300000)
 ParOldGen       total 68608K, used 26219K [0x00000000c0000000, 0x00000000c4300000, 0x00000000eab00000)
  object space 68608K, 38% used [0x00000000c0000000,0x00000000c199aec8,0x00000000c4300000)
 Metaspace       used 33312K, capacity 35237K, committed 35416K, reserved 1081344K
  class space    used 3156K, capacity 3876K, committed 3968K, reserved 1048576K
}
Event: 5.495 GC heap before
{Heap before GC invocations=17 (full 2):
 PSYoungGen      total 22016K, used 321K [0x00000000eab00000, 0x00000000ec300000, 0x0000000100000000)
  eden space 21504K, 0% used [0x00000000eab00000,0x00000000eab00000,0x00000000ec000000)
  from space 512K, 62% used [0x00000000ec000000,0x00000000ec050690,0x00000000ec080000)
  to   space 1536K, 0% used [0x00000000ec180000,0x00000000ec180000,0x00000000ec300000)
 ParOldGen       total 68608K, used 26219K [0x00000000c0000000, 0x00000000c4300000, 0x00000000eab00000)
  object space 68608K, 38% used [0x00000000c0000000,0x00000000c199aec8,0x00000000c4300000)
 Metaspace       used 33312K, capacity 35237K, committed 35416K, reserved 1081344K
  class space    used 3156K, capacity 3876K, committed 3968K, reserved 1048576K
}
Event: 5.812 GC heap after
{Heap after GC invocations=17 (full 2):
 PSYoungGen      total 22016K, used 0K [0x00000000eab00000, 0x00000000ec300000, 0x0000000100000000)
  eden space 21504K, 0% used [0x00000000eab00000,0x00000000eab00000,0x00000000ec000000)
  from space 512K, 0% used [0x00000000ec000000,0x00000000ec000000,0x00000000ec080000)
  to   space 1536K, 0% used [0x00000000ec180000,0x00000000ec180000,0x00000000ec300000)
 ParOldGen       total 68608K, used 25860K [0x00000000c0000000, 0x00000000c4300000, 0x00000000eab00000)
  object space 68608K, 37% used [0x00000000c0000000,0x00000000c19411c0,0x00000000c4300000)
 Metaspace       used 33312K, capacity 35237K, committed 35416K, reserved 1081344K
  class space    used 3156K, capacity 3876K, committed 3968K, reserved 1048576K
}

Deoptimization events (20 events):
Event: 5.168 Thread 0x000002a29dc04000 DEOPT PACKING pc=0x000002a2902bdcac sp=0x000000b4a89fd890
Event: 5.168 Thread 0x000002a29dc04000 DEOPT UNPACKING pc=0x000002a288675e2f sp=0x000000b4a89fd7b0 mode 2
Event: 5.169 Thread 0x000002a29dc04000 Uncommon trap: trap_request=0xffffffbe fr.pc=0x000002a2902bdcac relative=0x00000000000006ac
Event: 5.169 Thread 0x000002a29dc04000 Uncommon trap: reason=profile_predicate action=maybe_recompile pc=0x000002a2902bdcac method=java.util.TreeMap.getEntryUsingComparator(Ljava/lang/Object;)Ljava/util/TreeMap$Entry; @ 19 c2
Event: 5.169 Thread 0x000002a29dc04000 DEOPT PACKING pc=0x000002a2902bdcac sp=0x000000b4a89fd890
Event: 5.169 Thread 0x000002a29dc04000 DEOPT UNPACKING pc=0x000002a288675e2f sp=0x000000b4a89fd7b0 mode 2
Event: 5.170 Thread 0x000002a29dc04000 Uncommon trap: trap_request=0xffffffbe fr.pc=0x000002a2902bdcac relative=0x00000000000006ac
Event: 5.170 Thread 0x000002a29dc04000 Uncommon trap: reason=profile_predicate action=maybe_recompile pc=0x000002a2902bdcac method=java.util.TreeMap.getEntryUsingComparator(Ljava/lang/Object;)Ljava/util/TreeMap$Entry; @ 19 c2
Event: 5.170 Thread 0x000002a29dc04000 DEOPT PACKING pc=0x000002a2902bdcac sp=0x000000b4a89fd890
Event: 5.170 Thread 0x000002a29dc04000 DEOPT UNPACKING pc=0x000002a288675e2f sp=0x000000b4a89fd7b0 mode 2
Event: 5.224 Thread 0x000002a29dc04000 DEOPT PACKING pc=0x000002a28904344c sp=0x000000b4a89fcc50
Event: 5.224 Thread 0x000002a29dc04000 DEOPT UNPACKING pc=0x000002a2886765de sp=0x000000b4a89fc170 mode 0
Event: 5.323 Thread 0x000002a29dc04000 Uncommon trap: trap_request=0xffffffde fr.pc=0x000002a2901eb418 relative=0x00000000000001b8
Event: 5.323 Thread 0x000002a29dc04000 Uncommon trap: reason=class_check action=maybe_recompile pc=0x000002a2901eb418 method=java.io.BufferedInputStream.read1([BII)I @ 39 c2
Event: 5.323 Thread 0x000002a29dc04000 DEOPT PACKING pc=0x000002a2901eb418 sp=0x000000b4a89fc930
Event: 5.323 Thread 0x000002a29dc04000 DEOPT UNPACKING pc=0x000002a288675e2f sp=0x000000b4a89fc8e8 mode 2
Event: 5.427 Thread 0x000002a29dc04000 Uncommon trap: trap_request=0xffffff4d fr.pc=0x000002a2902d77ac relative=0x00000000000002ec
Event: 5.427 Thread 0x000002a29dc04000 Uncommon trap: reason=unstable_if action=reinterpret pc=0x000002a2902d77ac method=org.objectweb.asm.Label.resolve([BI)Z @ 80 c2
Event: 5.427 Thread 0x000002a29dc04000 DEOPT PACKING pc=0x000002a2902d77ac sp=0x000000b4a89fa6a0
Event: 5.427 Thread 0x000002a29dc04000 DEOPT UNPACKING pc=0x000002a288675e2f sp=0x000000b4a89fa5a0 mode 2

Classes redefined (0 events):
No events

Internal exceptions (20 events):
Event: 2.471 Thread 0x000002a29d8f4000 Exception <a 'java/lang/NoSuchMethodError'{0x00000000eaf9d950}: 'java.lang.Object java.lang.invoke.DirectMethodHandle$Holder.invokeStatic(java.lang.Object, java.lang.Object, java.lang.Object, java.lang.Object, java.lang.Object, java.lang.Object, java.lang.Object, java.lang.Object, java.lang.Object, java.lang.Object, java.lang.Object, java.lang.Object, java.lang.Object, java.lang.Object, java.lang.Object, java.lang.Object)'> (0x00000000eaf9d950) thrown at [./src/hotspot/share/interpreter/linkResolver.cpp, l
Event: 2.472 Thread 0x000002a29d8f4000 Exception <a 'java/lang/NoSuchMethodError'{0x00000000eafabb68}: 'java.lang.Object java.lang.invoke.DirectMethodHandle$Holder.invokeSpecial(java.lang.Object, java.lang.Object, int, int, java.lang.Object, java.lang.Object, java.lang.Object)'> (0x00000000eafabb68) thrown at [./src/hotspot/share/interpreter/linkResolver.cpp, line 773]
Event: 2.473 Thread 0x000002a29d8f4000 Exception <a 'java/lang/NoSuchMethodError'{0x00000000eafaf0f8}: 'java.lang.Object java.lang.invoke.DelegatingMethodHandle$Holder.reinvoke_L(java.lang.Object, int, int, java.lang.Object, java.lang.Object, java.lang.Object)'> (0x00000000eafaf0f8) thrown at [./src/hotspot/share/interpreter/linkResolver.cpp, line 773]
Event: 2.665 Thread 0x000002a29d8f4000 Exception <a 'java/io/FileNotFoundException'{0x00000000eb987400}> (0x00000000eb987400) thrown at [./src/hotspot/share/prims/jni.cpp, line 615]
Event: 2.871 Thread 0x000002a29d8f4000 Exception <a 'java/lang/NoSuchMethodError'{0x00000000eabe30d8}: 'void java.lang.invoke.DirectMethodHandle$Holder.invokeSpecial(java.lang.Object, java.lang.Object, java.lang.Object, java.lang.Object)'> (0x00000000eabe30d8) thrown at [./src/hotspot/share/interpreter/linkResolver.cpp, line 773]
Event: 2.879 Thread 0x000002a29d8f4000 Exception <a 'java/io/FileNotFoundException'{0x00000000eac3ff70}> (0x00000000eac3ff70) thrown at [./src/hotspot/share/prims/jni.cpp, line 615]
Event: 3.075 Thread 0x000002a29d8f4000 Exception <a 'java/lang/NoSuchMethodError'{0x00000000eb0d1078}: 'int java.lang.invoke.DirectMethodHandle$Holder.invokeStaticInit(java.lang.Object, java.lang.Object, java.lang.Object)'> (0x00000000eb0d1078) thrown at [./src/hotspot/share/interpreter/linkResolver.cpp, line 773]
Event: 3.081 Thread 0x000002a29d8f4000 Exception <a 'java/lang/IncompatibleClassChangeError'{0x00000000eb166938}: Found class java.lang.Object, but interface was expected> (0x00000000eb166938) thrown at [./src/hotspot/share/interpreter/linkResolver.cpp, line 839]
Event: 3.271 Thread 0x000002a29d8f4000 Exception <a 'java/lang/ClassNotFoundException'{0x00000000eaec18c0}: com/sun/org/apache/xerces/internal/impl/msg/spi/DOMMessagesProvider> (0x00000000eaec18c0) thrown at [./src/hotspot/share/classfile/systemDictionary.cpp, line 231]
Event: 3.274 Thread 0x000002a29d8f4000 Exception <a 'java/lang/ClassNotFoundException'{0x00000000eaeed130}: com/sun/org/apache/xerces/internal/impl/msg/spi/XMLSerializerMessagesProvider> (0x00000000eaeed130) thrown at [./src/hotspot/share/classfile/systemDictionary.cpp, line 231]
Event: 3.274 Thread 0x000002a29d8f4000 Exception <a 'java/lang/ClassNotFoundException'{0x00000000eaef88a0}: com/sun/org/apache/xerces/internal/impl/msg/spi/XMLMessagesProvider> (0x00000000eaef88a0) thrown at [./src/hotspot/share/classfile/systemDictionary.cpp, line 231]
Event: 3.847 Thread 0x000002a29d8f4000 Exception <a 'java/lang/ClassNotFoundException'{0x00000000eb455ee8}: com/sun/org/apache/xml/internal/serializer/spi/XMLEntitiesProvider> (0x00000000eb455ee8) thrown at [./src/hotspot/share/classfile/systemDictionary.cpp, line 231]
Event: 3.927 Thread 0x000002a29d8f4000 Exception <a 'java/io/FileNotFoundException'{0x00000000eb899ea0}> (0x00000000eb899ea0) thrown at [./src/hotspot/share/prims/jni.cpp, line 615]
Event: 3.936 Thread 0x000002a29d8f4000 Exception <a 'java/io/FileNotFoundException'{0x00000000eb904f48}> (0x00000000eb904f48) thrown at [./src/hotspot/share/prims/jni.cpp, line 615]
Event: 3.942 Thread 0x000002a29d8f4000 Exception <a 'java/io/FileNotFoundException'{0x00000000eb979e58}> (0x00000000eb979e58) thrown at [./src/hotspot/share/prims/jni.cpp, line 615]
Event: 4.139 Thread 0x000002a29dc04000 Exception <a 'java/io/FileNotFoundException'{0x00000000eb156ba0}> (0x00000000eb156ba0) thrown at [./src/hotspot/share/prims/jni.cpp, line 615]
Event: 4.522 Thread 0x000002a29d800800 Exception <a 'java/io/FileNotFoundException'{0x00000000eba6f248}> (0x00000000eba6f248) thrown at [./src/hotspot/share/prims/jni.cpp, line 615]
Event: 4.522 Thread 0x000002a29d800800 Exception <a 'java/io/FileNotFoundException'{0x00000000eba70de0}> (0x00000000eba70de0) thrown at [./src/hotspot/share/prims/jni.cpp, line 615]
Event: 4.526 Thread 0x000002a29d800800 Exception <a 'java/lang/NoSuchMethodError'{0x00000000eba846f8}: 'void java.lang.invoke.DirectMethodHandle$Holder.invokeStaticInit(java.lang.Object, java.lang.Object, java.lang.Object)'> (0x00000000eba846f8) thrown at [./src/hotspot/share/interpreter/linkResolver.cpp, line 773]
Event: 5.125 Thread 0x000002a29dc04000 Exception <a 'java/lang/NoSuchMethodError'{0x00000000eb531390}: 'java.lang.Object java.lang.invoke.DirectMethodHandle$Holder.invokeInterface(java.lang.Object, java.lang.Object, java.lang.Object)'> (0x00000000eb531390) thrown at [./src/hotspot/share/interpreter/linkResolver.cpp, line 773]

Events (20 events):
Event: 5.204 loading class org/eclipse/jdt/internal/compiler/problem/messages
Event: 5.204 loading class org/eclipse/jdt/internal/compiler/problem/messages done
Event: 5.225 loading class org/eclipse/jdt/internal/compiler/problem/messages_en
Event: 5.225 loading class org/eclipse/jdt/internal/compiler/problem/messages_en done
Event: 5.226 loading class org/eclipse/jdt/internal/compiler/problem/messages_en_US
Event: 5.226 loading class org/eclipse/jdt/internal/compiler/problem/messages_en_US done
Event: 5.324 Executing VM operation: ParallelGCFailedAllocation
Event: 5.329 Executing VM operation: ParallelGCFailedAllocation done
Event: 5.401 Executing VM operation: RevokeBias
Event: 5.403 Executing VM operation: RevokeBias done
Event: 5.406 Executing VM operation: RevokeBias
Event: 5.406 Executing VM operation: RevokeBias done
Event: 5.406 Executing VM operation: RevokeBias
Event: 5.407 Executing VM operation: RevokeBias done
Event: 5.408 Executing VM operation: RevokeBias
Event: 5.408 Executing VM operation: RevokeBias done
Event: 5.457 Executing VM operation: Deoptimize
Event: 5.457 Executing VM operation: Deoptimize done
Event: 5.488 Executing VM operation: CollectForMetadataAllocation
Event: 5.812 Executing VM operation: CollectForMetadataAllocation done


Dynamic libraries:
0x00007ff6884a0000 - 0x00007ff6884ad000 	C:\Program Files\AdoptOpenJDK\jdk-11.0.11.9-hotspot\bin\java.exe
0x00007ffb90220000 - 0x00007ffb90427000 	C:\Windows\SYSTEM32\ntdll.dll
0x00007ffb8f9a0000 - 0x00007ffb8fa5d000 	C:\Windows\System32\KERNEL32.DLL
0x00007ffb8d8d0000 - 0x00007ffb8dc44000 	C:\Windows\System32\KERNELBASE.dll
0x00007ffb8de30000 - 0x00007ffb8df41000 	C:\Windows\System32\ucrtbase.dll
0x00007ffb5b750000 - 0x00007ffb5b767000 	C:\Program Files\AdoptOpenJDK\jdk-11.0.11.9-hotspot\bin\jli.dll
0x00007ffb8fce0000 - 0x00007ffb8fe8c000 	C:\Windows\System32\USER32.dll
0x00007ffb86270000 - 0x00007ffb86515000 	C:\Windows\WinSxS\amd64_microsoft.windows.common-controls_6595b64144ccf1df_6.0.22000.120_none_9d947278b86cc467\COMCTL32.dll
0x00007ffb8d700000 - 0x00007ffb8d726000 	C:\Windows\System32\win32u.dll
0x00007ffb8e7c0000 - 0x00007ffb8e7e9000 	C:\Windows\System32\GDI32.dll
0x00007ffb8f090000 - 0x00007ffb8f133000 	C:\Windows\System32\msvcrt.dll
0x00007ffb8d730000 - 0x00007ffb8d842000 	C:\Windows\System32\gdi32full.dll
0x00007ffb8df50000 - 0x00007ffb8dfed000 	C:\Windows\System32\msvcp_win.dll
0x00007ffb5e1c0000 - 0x00007ffb5e1d5000 	C:\Program Files\AdoptOpenJDK\jdk-11.0.11.9-hotspot\bin\VCRUNTIME140.dll
0x00007ffb901a0000 - 0x00007ffb901d1000 	C:\Windows\System32\IMM32.DLL
0x00007ffb19290000 - 0x00007ffb1932b000 	C:\Program Files\AdoptOpenJDK\jdk-11.0.11.9-hotspot\bin\msvcp140.dll
0x00007ffb180d0000 - 0x00007ffb18c1b000 	C:\Program Files\AdoptOpenJDK\jdk-11.0.11.9-hotspot\bin\server\jvm.dll
0x00007ffb8f8f0000 - 0x00007ffb8f99c000 	C:\Windows\System32\ADVAPI32.dll
0x00007ffb8e720000 - 0x00007ffb8e7bd000 	C:\Windows\System32\sechost.dll
0x00007ffb8e880000 - 0x00007ffb8e9a1000 	C:\Windows\System32\RPCRT4.dll
0x00007ffb8fc00000 - 0x00007ffb8fc08000 	C:\Windows\System32\PSAPI.DLL
0x00007ffb7a870000 - 0x00007ffb7a879000 	C:\Windows\SYSTEM32\WSOCK32.dll
0x00007ffb8e640000 - 0x00007ffb8e6af000 	C:\Windows\System32\WS2_32.dll
0x00007ffb83280000 - 0x00007ffb832b3000 	C:\Windows\SYSTEM32\WINMM.dll
0x00007ffb84a70000 - 0x00007ffb84a7a000 	C:\Windows\SYSTEM32\VERSION.dll
0x00007ffb8c920000 - 0x00007ffb8c938000 	C:\Windows\SYSTEM32\kernel.appcore.dll
0x00007ffb87540000 - 0x00007ffb87550000 	C:\Program Files\AdoptOpenJDK\jdk-11.0.11.9-hotspot\bin\verify.dll
0x00007ffb739a0000 - 0x00007ffb73bc1000 	C:\Windows\SYSTEM32\DBGHELP.DLL
0x00007ffb7c3d0000 - 0x00007ffb7c401000 	C:\Windows\SYSTEM32\dbgcore.DLL
0x00007ffb8d850000 - 0x00007ffb8d8d0000 	C:\Windows\System32\bcryptPrimitives.dll
0x00007ffb5e600000 - 0x00007ffb5e628000 	C:\Program Files\AdoptOpenJDK\jdk-11.0.11.9-hotspot\bin\java.dll
0x00007ffb86640000 - 0x00007ffb8664a000 	C:\Program Files\AdoptOpenJDK\jdk-11.0.11.9-hotspot\bin\jimage.dll
0x00007ffb7b680000 - 0x00007ffb7b68e000 	C:\Program Files\AdoptOpenJDK\jdk-11.0.11.9-hotspot\bin\instrument.dll
0x00007ffb5ecd0000 - 0x00007ffb5ece7000 	C:\Program Files\AdoptOpenJDK\jdk-11.0.11.9-hotspot\bin\zip.dll
0x00007ffb8f140000 - 0x00007ffb8f8e9000 	C:\Windows\System32\SHELL32.dll
0x00007ffb8b8c0000 - 0x00007ffb8c122000 	C:\Windows\SYSTEM32\windows.storage.dll
0x00007ffb8ecb0000 - 0x00007ffb8f028000 	C:\Windows\System32\combase.dll
0x00007ffb8b750000 - 0x00007ffb8b8b6000 	C:\Windows\SYSTEM32\wintypes.dll
0x00007ffb8faf0000 - 0x00007ffb8fbda000 	C:\Windows\System32\SHCORE.dll
0x00007ffb8fe90000 - 0x00007ffb8feed000 	C:\Windows\System32\shlwapi.dll
0x00007ffb8d630000 - 0x00007ffb8d651000 	C:\Windows\SYSTEM32\profapi.dll
0x00007ffb5c840000 - 0x00007ffb5c859000 	C:\Program Files\AdoptOpenJDK\jdk-11.0.11.9-hotspot\bin\net.dll
0x00007ffb85c00000 - 0x00007ffb85d0c000 	C:\Windows\SYSTEM32\WINHTTP.dll
0x00007ffb8cd30000 - 0x00007ffb8cd97000 	C:\Windows\system32\mswsock.dll
0x00007ffb59490000 - 0x00007ffb594a2000 	C:\Program Files\AdoptOpenJDK\jdk-11.0.11.9-hotspot\bin\nio.dll
0x00007ffb57ec0000 - 0x00007ffb57ee5000 	C:\Program Files\AdoptOpenJDK\jdk-11.0.11.9-hotspot\bin\sunec.dll
0x00007ffb8cf70000 - 0x00007ffb8cf88000 	C:\Windows\SYSTEM32\CRYPTSP.dll
0x00007ffb8c880000 - 0x00007ffb8c8b5000 	C:\Windows\system32\rsaenh.dll
0x00007ffb8ce20000 - 0x00007ffb8ce49000 	C:\Windows\SYSTEM32\USERENV.dll
0x00007ffb8d0f0000 - 0x00007ffb8d117000 	C:\Windows\SYSTEM32\bcrypt.dll
0x00007ffb8cf90000 - 0x00007ffb8cf9c000 	C:\Windows\SYSTEM32\CRYPTBASE.dll
0x00007ffb8c460000 - 0x00007ffb8c48d000 	C:\Windows\SYSTEM32\IPHLPAPI.DLL
0x00007ffb8fa60000 - 0x00007ffb8fa69000 	C:\Windows\System32\NSI.dll
0x00007ffb84ee0000 - 0x00007ffb84ef9000 	C:\Windows\SYSTEM32\dhcpcsvc6.DLL
0x00007ffb86570000 - 0x00007ffb8658e000 	C:\Windows\SYSTEM32\dhcpcsvc.DLL
0x00007ffb8c490000 - 0x00007ffb8c577000 	C:\Windows\SYSTEM32\DNSAPI.dll
0x00007ffb4bc10000 - 0x00007ffb4bc4e000 	C:\Users\nhatq\AppData\Roaming\Code\User\globalStorage\redhat.java\0.81.0\config_ss_win\org.eclipse.equinox.launcher\org.eclipse.equinox.launcher.win32.win32.x86_64_1.2.300.v20210622-1446\eclipse_11503.dll
0x00007ffb581c0000 - 0x00007ffb581d1000 	C:\Users\nhatq\AppData\Roaming\Code\User\globalStorage\redhat.java\0.81.0\config_ss_win\org.eclipse.osgi\16\0\.cp\jWinHttp-1.0.0.dll
0x00007ffb8ea30000 - 0x00007ffb8ebca000 	C:\Windows\System32\ole32.dll

dbghelp: loaded successfully - version: 4.0.5 - missing functions: none
symbol engine: initialized successfully - sym options: 0x614 - pdb path: .;C:\Program Files\AdoptOpenJDK\jdk-11.0.11.9-hotspot\bin;C:\Windows\SYSTEM32;C:\Windows\WinSxS\amd64_microsoft.windows.common-controls_6595b64144ccf1df_6.0.22000.120_none_9d947278b86cc467;C:\Program Files\AdoptOpenJDK\jdk-11.0.11.9-hotspot\bin\server;C:\Users\nhatq\AppData\Roaming\Code\User\globalStorage\redhat.java\0.81.0\config_ss_win\org.eclipse.equinox.launcher\org.eclipse.equinox.launcher.win32.win32.x86_64_1.2.300.v20210622-1446;C:\Users\nhatq\AppData\Roaming\Code\User\globalStorage\redhat.java\0.81.0\config_ss_win\org.eclipse.osgi\16\0\.cp

VM Arguments:
jvm_args: --add-modules=ALL-SYSTEM --add-opens=java.base/java.util=ALL-UNNAMED --add-opens=java.base/java.lang=ALL-UNNAMED -Declipse.application=org.eclipse.jdt.ls.core.id1 -Dosgi.bundles.defaultStartLevel=4 -Declipse.product=org.eclipse.jdt.ls.core.product -Dfile.encoding=utf8 -DwatchParentProcess=false -XX:+UseParallelGC -XX:GCTimeRatio=4 -XX:AdaptiveSizePolicyWeight=90 -Dsun.zip.disableMemoryMapping=true -Xmx1G -Xms100m -javaagent:c:\Users\nhatq\.vscode\extensions\gabrielbb.vscode-lombok-1.0.1\server\lombok.jar -Xverify:none 
java_command: c:\Users\nhatq\.vscode\extensions\redhat.java-0.81.0\server\plugins\org.eclipse.equinox.launcher_1.6.200.v20210416-2027.jar -configuration c:\Users\nhatq\AppData\Roaming\Code\User\globalStorage\redhat.java\0.81.0\config_ss_win -data c:\Users\nhatq\AppData\Roaming\Code\User\workspaceStorage\b5c1c41f71cb9c0d0deb1310c488c3df\redhat.java\ss_ws
java_class_path (initial): c:\Users\nhatq\.vscode\extensions\redhat.java-0.81.0\server\plugins\org.eclipse.equinox.launcher_1.6.200.v20210416-2027.jar
Launcher Type: SUN_STANDARD

[Global flags]
    uintx AdaptiveSizePolicyWeight                 = 90                                        {product} {command line}
     bool BytecodeVerificationLocal                = false                                     {product} {command line}
     bool BytecodeVerificationRemote               = false                                     {product} {command line}
     intx CICompilerCount                          = 4                                         {product} {ergonomic}
    uintx GCTimeRatio                              = 4                                         {product} {command line}
   size_t InitialHeapSize                          = 104857600                                 {product} {command line}
   size_t MaxHeapSize                              = 1073741824                                {product} {command line}
   size_t MaxNewSize                               = 357564416                                 {product} {ergonomic}
   size_t MinHeapDeltaBytes                        = 524288                                    {product} {ergonomic}
   size_t NewSize                                  = 34603008                                  {product} {ergonomic}
    uintx NonNMethodCodeHeapSize                   = 5836300                                {pd product} {ergonomic}
    uintx NonProfiledCodeHeapSize                  = 122910970                              {pd product} {ergonomic}
   size_t OldSize                                  = 70254592                                  {product} {ergonomic}
    uintx ProfiledCodeHeapSize                     = 122910970                              {pd product} {ergonomic}
    uintx ReservedCodeCacheSize                    = 251658240                              {pd product} {ergonomic}
     bool SegmentedCodeCache                       = true                                      {product} {ergonomic}
     bool UseCompressedClassPointers               = true                                 {lp64_product} {ergonomic}
     bool UseCompressedOops                        = true                                 {lp64_product} {ergonomic}
     bool UseLargePagesIndividualAllocation        = false                                  {pd product} {ergonomic}
     bool UseParallelGC                            = true                                      {product} {command line}

Logging:
Log output configuration:
 #0: stdout all=warning uptime,level,tags
 #1: stderr all=off uptime,level,tags

Environment Variables:
PATH=C:\Users\nhatq\bin;C:\Program Files\Git\mingw64\bin;C:\Program Files\Git\usr\local\bin;C:\Program Files\Git\usr\bin;C:\Program Files\Git\usr\bin;C:\Program Files\Git\mingw64\bin;C:\Program Files\Git\usr\bin;C:\Users\nhatq\bin;C:\Program Files\AdoptOpenJDK\jdk-11.0.11.9-hotspot\bin;C:\Program Files (x86)\VMware\VMware Player\bin;C:\Windows\system32;C:\Windows;C:\Windows\System32\Wbem;C:\Windows\System32\WindowsPowerShell\v1.0;C:\Windows\System32\OpenSSH;C:\MinGW\bin;C:\Program Files\NVIDIA Corporation\NVIDIA NvDLISR;C:\Program Files (x86)\NVIDIA Corporation\PhysX\Common;C:\Users\nhatq\Downloads\gradle-7.1.1-all\gradle-7.1.1\bin;C:\Program Files\nodejs;C:\Python\Python39\Scripts;C:\Python\Python39;C:\Users\nhatq\AppData\Local\Microsoft\WindowsApps;C:\Users\nhatq\AppData\Local\Programs\Microsoft VS Code\bin;C:\Users\nhatq\Documents\flutter\bin;C:\Users\nhatq\AppData\Local\GitHubDesktop\bin;C:\Program Files\JetBrains\IntelliJ IDEA Community Edition 2021.1.3\bin;C:\Users\nhatq\AppData\Roaming\npm;C:\Program Files\Git\usr\bin\vendor_perl;C:\Program Files\Git\usr\bin\core_perl
USERNAME=nhatq
SHELL=C:\Program Files\Git\usr\bin\bash.exe
DISPLAY=needs-to-be-defined
LANG=en_US.UTF-8
OS=Windows_NT
PROCESSOR_IDENTIFIER=Intel64 Family 6 Model 158 Stepping 9, GenuineIntel



---------------  S Y S T E M  ---------------

OS: Windows 10 , 64 bit Build 22000 (10.0.22000.120)
OS uptime: 3 days 19:48 hours

CPU:total 8 (initial active 8) (4 cores per cpu, 2 threads per core) family 6 model 158 stepping 9 microcode 0xde, cmov, cx8, fxsr, mmx, sse, sse2, sse3, ssse3, sse4.1, sse4.2, popcnt, avx, avx2, aes, clmul, erms, 3dnowpref, lzcnt, ht, tsc, tscinvbit, bmi1, bmi2, adx, fma

Memory: 4k page, system-wide physical 16277M (7750M free)
TotalPageFile size 19254M (AvailPageFile size 6903M)
current process WorkingSet (physical memory assigned to process): 157M, peak: 167M
current process commit charge ("private bytes"): 251M, peak: 270M

vm_info: OpenJDK 64-Bit Server VM (11.0.11+9) for windows-amd64 JRE (11.0.11+9), built on Apr 20 2021 21:22:09 by "" with MS VC++ 15.9 (VS2017)

END.
